2026-06-23 19:49:54,482 - root - INFO - ===== Protobuf 代码生成 开始 =====
2026-06-23 19:49:54,482 - root - INFO - 当前脚本名：server_gen_proto.py
2026-06-23 19:49:54,482 - root - INFO - 当前绝对路径：E:\work\heli\server\tools
2026-06-23 19:49:54,482 - root - INFO - workspace=E:\work\heli\server
2026-06-23 19:49:54,482 - root - INFO - protoc=E:\work\heli\server\tools\bin\protoc.exe
2026-06-23 19:49:54,482 - root - INFO - proto_dir=E:\work\heli\server\tools\proto
2026-06-23 19:49:54,482 - root - INFO - output_dir=E:\work\heli\server\src\proto
2026-06-23 19:49:54,484 - root - INFO - tmp_dir=E:\work\heli\server\tools\tmp_proto
2026-06-23 19:49:54,564 - root - INFO - [protoc] E:\work\heli\server\tools\bin\protoc.exe --proto_path=E:\work\heli\server\tools\proto --plugin=protoc-gen-go=E:\work\heli\server\tools\bin\protoc-gen-go.exe --plugin=protoc-gen-go-grpc=E:\work\heli\server\tools\bin\protoc-gen-go-grpc.exe --go_out=E:\work\heli\server\tools\tmp_proto --go_opt=module=game --go-grpc_out=E:\work\heli\server\tools\tmp_proto --go-grpc_opt=module=game E:\work\heli\server\tools\proto\auths.proto
2026-06-23 19:49:54,683 - root - INFO - [protoc] E:\work\heli\server\tools\bin\protoc.exe --proto_path=E:\work\heli\server\tools\proto --plugin=protoc-gen-go=E:\work\heli\server\tools\bin\protoc-gen-go.exe --plugin=protoc-gen-go-grpc=E:\work\heli\server\tools\bin\protoc-gen-go-grpc.exe --go_out=E:\work\heli\server\tools\tmp_proto --go_opt=module=game --go-grpc_out=E:\work\heli\server\tools\tmp_proto --go-grpc_opt=module=game E:\work\heli\server\tools\proto\client.proto
2026-06-23 19:49:54,796 - root - INFO - [protoc] E:\work\heli\server\tools\bin\protoc.exe --proto_path=E:\work\heli\server\tools\proto --plugin=protoc-gen-go=E:\work\heli\server\tools\bin\protoc-gen-go.exe --plugin=protoc-gen-go-grpc=E:\work\heli\server\tools\bin\protoc-gen-go-grpc.exe --go_out=E:\work\heli\server\tools\tmp_proto --go_opt=module=game --go-grpc_out=E:\work\heli\server\tools\tmp_proto --go-grpc_opt=module=game E:\work\heli\server\tools\proto\common.proto
2026-06-23 19:49:54,896 - root - INFO - [protoc] E:\work\heli\server\tools\bin\protoc.exe --proto_path=E:\work\heli\server\tools\proto --plugin=protoc-gen-go=E:\work\heli\server\tools\bin\protoc-gen-go.exe --plugin=protoc-gen-go-grpc=E:\work\heli\server\tools\bin\protoc-gen-go-grpc.exe --go_out=E:\work\heli\server\tools\tmp_proto --go_opt=module=game --go-grpc_out=E:\work\heli\server\tools\tmp_proto --go-grpc_opt=module=game E:\work\heli\server\tools\proto\error.proto
2026-06-23 19:49:54,992 - root - INFO - [protoc] E:\work\heli\server\tools\bin\protoc.exe --proto_path=E:\work\heli\server\tools\proto --plugin=protoc-gen-go=E:\work\heli\server\tools\bin\protoc-gen-go.exe --plugin=protoc-gen-go-grpc=E:\work\heli\server\tools\bin\protoc-gen-go-grpc.exe --go_out=E:\work\heli\server\tools\tmp_proto --go_opt=module=game --go-grpc_out=E:\work\heli\server\tools\tmp_proto --go-grpc_opt=module=game E:\work\heli\server\tools\proto\event.proto
2026-06-23 19:49:55,087 - root - INFO - [protoc] E:\work\heli\server\tools\bin\protoc.exe --proto_path=E:\work\heli\server\tools\proto --plugin=protoc-gen-go=E:\work\heli\server\tools\bin\protoc-gen-go.exe --plugin=protoc-gen-go-grpc=E:\work\heli\server\tools\bin\protoc-gen-go-grpc.exe --go_out=E:\work\heli\server\tools\tmp_proto --go_opt=module=game --go-grpc_out=E:\work\heli\server\tools\tmp_proto --go-grpc_opt=module=game E:\work\heli\server\tools\proto\gamer.proto
2026-06-23 19:49:55,193 - root - INFO - [protoc] E:\work\heli\server\tools\bin\protoc.exe --proto_path=E:\work\heli\server\tools\proto --plugin=protoc-gen-go=E:\work\heli\server\tools\bin\protoc-gen-go.exe --plugin=protoc-gen-go-grpc=E:\work\heli\server\tools\bin\protoc-gen-go-grpc.exe --go_out=E:\work\heli\server\tools\tmp_proto --go_opt=module=game --go-grpc_out=E:\work\heli\server\tools\tmp_proto --go-grpc_opt=module=game E:\work\heli\server\tools\proto\micro.proto
2026-06-23 19:49:55,294 - root - INFO - [protoc] E:\work\heli\server\tools\bin\protoc.exe --proto_path=E:\work\heli\server\tools\proto --plugin=protoc-gen-go=E:\work\heli\server\tools\bin\protoc-gen-go.exe --plugin=protoc-gen-go-grpc=E:\work\heli\server\tools\bin\protoc-gen-go-grpc.exe --go_out=E:\work\heli\server\tools\tmp_proto --go_opt=module=game --go-grpc_out=E:\work\heli\server\tools\tmp_proto --go-grpc_opt=module=game E:\work\heli\server\tools\proto\msgbase.proto
2026-06-23 19:49:55,399 - root - INFO - [protoc] E:\work\heli\server\tools\bin\protoc.exe --proto_path=E:\work\heli\server\tools\proto --plugin=protoc-gen-go=E:\work\heli\server\tools\bin\protoc-gen-go.exe --plugin=protoc-gen-go-grpc=E:\work\heli\server\tools\bin\protoc-gen-go-grpc.exe --go_out=E:\work\heli\server\tools\tmp_proto --go_opt=module=game --go-grpc_out=E:\work\heli\server\tools\tmp_proto --go-grpc_opt=module=game E:\work\heli\server\tools\proto\msgrpc.proto
2026-06-23 19:49:55,497 - root - INFO - [protoc] E:\work\heli\server\tools\bin\protoc.exe --proto_path=E:\work\heli\server\tools\proto --plugin=protoc-gen-go=E:\work\heli\server\tools\bin\protoc-gen-go.exe --plugin=protoc-gen-go-grpc=E:\work\heli\server\tools\bin\protoc-gen-go-grpc.exe --go_out=E:\work\heli\server\tools\tmp_proto --go_opt=module=game --go-grpc_out=E:\work\heli\server\tools\tmp_proto --go-grpc_opt=module=game E:\work\heli\server\tools\proto\room.proto
2026-06-23 19:49:55,609 - root - INFO - [protoc] E:\work\heli\server\tools\bin\protoc.exe --proto_path=E:\work\heli\server\tools\proto --plugin=protoc-gen-go=E:\work\heli\server\tools\bin\protoc-gen-go.exe --plugin=protoc-gen-go-grpc=E:\work\heli\server\tools\bin\protoc-gen-go-grpc.exe --go_out=E:\work\heli\server\tools\tmp_proto --go_opt=module=game --go-grpc_out=E:\work\heli\server\tools\tmp_proto --go-grpc_opt=module=game E:\work\heli\server\tools\proto\server.proto
2026-06-23 19:49:55,678 - root - INFO - ===== Protobuf 代码生成 完成 =====
